<?xml version="1.0" encoding="UTF-8"?>
<!-- Generated by org.testng.reporters.JUnitXMLReporter -->
<testsuite hostname="A2ML12985" ignored="0" name="Reporting tests" tests="2" failures="1" timestamp="26 Mar 2019 07:11:19 GMT" time="0.244" errors="0">
  <testcase name="failingTest" time="0.013" classname="extenttestreports.ExtentReportTests">
    <failure type="java.lang.AssertionError" message="expected [true] but found [false]">
      <![CDATA[java.lang.AssertionError: expected [true] but found [false]
at extenttestreports.ExtentReportTests.failingTest(ExtentReportTests.java:29)
... Removed 29 stack frames]]>
    </failure>
  </testcase> <!-- failingTest -->
  <testcase name="passingTest" time="0.003" classname="extenttestreports.ExtentReportTests"/>
</testsuite> <!-- Reporting tests -->
