<?xml version="1.0" encoding="UTF-8"?>
<testng-results skipped="0" failed="1" ignored="0" total="2" passed="1">
  <reporter-output>
  </reporter-output>
  <suite name="Reporting suite" duration-ms="244" started-at="2019-03-26T07:11:18Z" finished-at="2019-03-26T07:11:19Z">
    <groups>
    </groups>
    <test name="Reporting tests" duration-ms="244" started-at="2019-03-26T07:11:18Z" finished-at="2019-03-26T07:11:19Z">
      <class name="extenttestreports.ExtentReportTests">
        <test-method status="PASS" signature="beforeTestcases()[pri:0, instance:extenttestreports.ExtentReportTests@5e5792a0]" name="beforeTestcases" is-config="true" duration-ms="16" started-at="2019-03-26T07:11:19Z" finished-at="2019-03-26T07:11:19Z">
          <reporter-output>
          </reporter-output>
        </test-method> <!-- beforeTestcases -->
        <test-method status="FAIL" signature="failingTest()[pri:0, instance:extenttestreports.ExtentReportTests@5e5792a0]" name="failingTest" duration-ms="13" started-at="2019-03-26T07:11:19Z" finished-at="2019-03-26T07:11:19Z">
          <exception class="java.lang.AssertionError">
            <message>
              <![CDATA[expected [true] but found [false]]]>
            </message>
            <full-stacktrace>
              <![CDATA[java.lang.AssertionError: expected [true] but found [false]
at org.testng.Assert.fail(Assert.java:96)
at org.testng.Assert.failNotEquals(Assert.java:776)
at org.testng.Assert.assertTrue(Assert.java:44)
at org.testng.Assert.assertTrue(Assert.java:54)
at extenttestreports.ExtentReportTests.failingTest(ExtentReportTests.java:29)
at sun.reflect.NativeMethodAccessorImpl.invoke0(Native Method)
at sun.reflect.NativeMethodAccessorImpl.invoke(Unknown Source)
at sun.reflect.DelegatingMethodAccessorImpl.invoke(Unknown Source)
at java.lang.reflect.Method.invoke(Unknown Source)
at org.testng.internal.MethodInvocationHelper.invokeMethod(MethodInvocationHelper.java:124)
at org.testng.internal.Invoker.invokeMethod(Invoker.java:580)
at org.testng.internal.Invoker.invokeTestMethod(Invoker.java:716)
at org.testng.internal.Invoker.invokeTestMethods(Invoker.java:988)
at org.testng.internal.TestMethodWorker.invokeTestMethods(TestMethodWorker.java:125)
at org.testng.internal.TestMethodWorker.run(TestMethodWorker.java:109)
at org.testng.TestRunner.privateRun(TestRunner.java:648)
at org.testng.TestRunner.run(TestRunner.java:505)
at org.testng.SuiteRunner.runTest(SuiteRunner.java:455)
at org.testng.SuiteRunner.runSequentially(SuiteRunner.java:450)
at org.testng.SuiteRunner.privateRun(SuiteRunner.java:415)
at org.testng.SuiteRunner.run(SuiteRunner.java:364)
at org.testng.SuiteRunnerWorker.runSuite(SuiteRunnerWorker.java:52)
at org.testng.SuiteRunnerWorker.run(SuiteRunnerWorker.java:84)
at org.testng.TestNG.runSuitesSequentially(TestNG.java:1208)
at org.testng.TestNG.runSuitesLocally(TestNG.java:1137)
at org.testng.TestNG.runSuites(TestNG.java:1049)
at org.testng.TestNG.run(TestNG.java:1017)
at org.testng.remote.AbstractRemoteTestNG.run(AbstractRemoteTestNG.java:114)
at org.testng.remote.RemoteTestNG.initAndRun(RemoteTestNG.java:251)
at org.testng.remote.RemoteTestNG.main(RemoteTestNG.java:77)
]]>
            </full-stacktrace>
          </exception> <!-- java.lang.AssertionError -->
          <reporter-output>
          </reporter-output>
        </test-method> <!-- failingTest -->
        <test-method status="PASS" signature="passingTest()[pri:0, instance:extenttestreports.ExtentReportTests@5e5792a0]" name="passingTest" duration-ms="3" started-at="2019-03-26T07:11:19Z" finished-at="2019-03-26T07:11:19Z">
          <reporter-output>
          </reporter-output>
        </test-method> <!-- passingTest -->
        <test-method status="PASS" signature="afterTestcases()[pri:0, instance:extenttestreports.ExtentReportTests@5e5792a0]" name="afterTestcases" is-config="true" duration-ms="1" started-at="2019-03-26T07:11:19Z" finished-at="2019-03-26T07:11:19Z">
          <reporter-output>
          </reporter-output>
        </test-method> <!-- afterTestcases -->
      </class> <!-- extenttestreports.ExtentReportTests -->
    </test> <!-- Reporting tests -->
  </suite> <!-- Reporting suite -->
</testng-results>
